
> vibe-generated-app@1.0.0 dev
> vite


  VITE v5.4.20  ready in 376 ms

  ➜  Local:   http://localhost:3000/
  ➜  Network: http://172.20.10.69:3000/
10:00:13 AM [vite] Pre-transform error: Transform failed with 1 error:
/home/workspace/src/components/EndpointEditor.jsx:84:36: ERROR: Unexpected backslash in JSX element
10:00:13 AM [vite] Internal server error: Transform failed with 1 error:
/home/workspace/src/components/EndpointEditor.jsx:84:36: ERROR: Unexpected backslash in JSX element
  Plugin: vite:esbuild
  File: /home/workspace/src/components/EndpointEditor.jsx:84:36
  
  Unexpected backslash in JSX element
  82 |              <textarea
  83 |                className="w-full h-40 border rounded p-2 font-mono text-sm"
  84 |                placeholder="{\n  \"id\": 1,\n  \"name\": \"Alice\"\n}"
     |                                      ^
  85 |                value={endpoint.mockResponse}
  86 |                onChange={(e) => update({ mockResponse: e.target.value })}
  
      at failureErrorWithLog (/home/workspace/node_modules/esbuild/lib/main.js:1472:15)
      at /home/workspace/node_modules/esbuild/lib/main.js:755:50
      at responseCallbacks.<computed> (/home/workspace/node_modules/esbuild/lib/main.js:622:9)
      at handleIncomingPacket (/home/workspace/node_modules/esbuild/lib/main.js:677:12)
      at Socket.readFromStdout (/home/workspace/node_modules/esbuild/lib/main.js:600:7)
      at Socket.emit (node:events:508:28)
      at addChunk (node:internal/streams/readable:559:12)
      at readableAddChunkPushByteMode (node:internal/streams/readable:510:3)
      at Readable.push (node:internal/streams/readable:390:5)
      at Pipe.onStreamRead (node:internal/stream_base_commons:189:23)
10:00:32 AM [vite] Internal server error: Transform failed with 1 error:
/home/workspace/src/components/EndpointEditor.jsx:84:36: ERROR: Unexpected backslash in JSX element
  Plugin: vite:esbuild
  File: /home/workspace/src/components/EndpointEditor.jsx:84:36
  
  Unexpected backslash in JSX element
  82 |              <textarea
  83 |                className="w-full h-40 border rounded p-2 font-mono text-sm"
  84 |                placeholder="{\n  \"id\": 1,\n  \"name\": \"Alice\"\n}"
     |                                      ^
  85 |                value={endpoint.mockResponse}
  86 |                onChange={(e) => update({ mockResponse: e.target.value })}
  
      at failureErrorWithLog (/home/workspace/node_modules/esbuild/lib/main.js:1472:15)
      at /home/workspace/node_modules/esbuild/lib/main.js:755:50
      at responseCallbacks.<computed> (/home/workspace/node_modules/esbuild/lib/main.js:622:9)
      at handleIncomingPacket (/home/workspace/node_modules/esbuild/lib/main.js:677:12)
      at Socket.readFromStdout (/home/workspace/node_modules/esbuild/lib/main.js:600:7)
      at Socket.emit (node:events:508:28)
      at addChunk (node:internal/streams/readable:559:12)
      at readableAddChunkPushByteMode (node:internal/streams/readable:510:3)
      at Readable.push (node:internal/streams/readable:390:5)
      at Pipe.onStreamRead (node:internal/stream_base_commons:189:23)
